<?xml version="1.0" encoding="UTF-8"?>
<!-- Generated by org.testng.reporters.JUnitReportReporter -->
<testsuite hostname="CDMIHFB2" failures="0" tests="1" name="runner.WebApp" time="30.053" errors="0" timestamp="2022-01-18T10:26:04 IST" skipped="0">
  <testcase classname="runner.WebApp" name="LocalPage" time="30.053"/>
  <system-out/>
</testsuite> <!-- runner.WebApp -->
